# JRE version: OpenJDK Runtime Environment Temurin-21.0.4+7 (21.0.4+7) (build 21.0.4+7-LTS)
# Java VM: OpenJDK 64-Bit Server VM Temurin-21.0.4+7 (21.0.4+7-LTS, mixed mode, emulated-client, tiered, compressed oops, compressed class ptrs, g1 gc, windows-amd64)
GC Precious Log:
 CardTable entry size: 512
 Card Set container configuration: InlinePtr #cards 5 size 8 Array Of Cards #cards 12 size 40 Howl #buckets 4 coarsen threshold 1843 Howl Bitmap #cards 512 size 80 coarsen threshold 460 Card regions per heap region 1 cards per card region 2048
 CPUs: 4 total, 4 available
 Memory: 3992M
 Large Page Support: Disabled
 NUMA Support: Disabled
 Compressed Oops: Enabled (32-bit)
 Heap Region Size: 1M
 Heap Min Capacity: 8M
 Heap Initial Capacity: 64M
 Heap Max Capacity: 1G
 Pre-touch: Disabled
 Parallel Workers: 4
 Concurrent Workers: 1
 Concurrent Refinement Workers: 4
 Periodic GC: Disabled
Heap:
 garbage-first heap   total 83968K, used 43205K [0x00000000c0000000, 0x0000000100000000)
  region size 1024K, 1 young (1024K), 0 survivors (0K)
 Metaspace       used 65645K, committed 66432K, reserved 1114112K
  class space    used 7867K, committed 8256K, reserved 1048576K
GC Heap History (20 events):
Event: 5075.903 GC heap after
{Heap after GC invocations=476 (full 361):
 garbage-first heap   total 83968K, used 42340K [0x00000000c0000000, 0x0000000100000000)
  region size 1024K, 0 young (0K), 0 survivors (0K)
 Metaspace       used 65552K, committed 66368K, reserved 1114112K
  class space    used 7843K, committed 8192K, reserved 1048576K
}
Event: 5090.903 GC heap before
{Heap before GC invocations=476 (full 361):
 garbage-first heap   total 83968K, used 42340K [0x00000000c0000000, 0x0000000100000000)
  region size 1024K, 1 young (1024K), 0 survivors (0K)
 Metaspace       used 65552K, committed 66368K, reserved 1114112K
  class space    used 7843K, committed 8192K, reserved 1048576K
}
Event: 5091.014 GC heap after
{Heap after GC invocations=477 (full 362):
 garbage-first heap   total 83968K, used 42340K [0x00000000c0000000, 0x0000000100000000)
  region size 1024K, 0 young (0K), 0 survivors (0K)
 Metaspace       used 65552K, committed 66368K, reserved 1114112K
  class space    used 7843K, committed 8192K, reserved 1048576K
}
Event: 5104.863 GC heap before
{Heap before GC invocations=477 (full 362):
 garbage-first heap   total 83968K, used 42340K [0x00000000c0000000, 0x0000000100000000)
  region size 1024K, 1 young (1024K), 0 survivors (0K)
 Metaspace       used 65552K, committed 66368K, reserved 1114112K
  class space    used 7843K, committed 8192K, reserved 1048576K
}
Event: 5104.994 GC heap after
{Heap after GC invocations=478 (full 363):
 garbage-first heap   total 83968K, used 42340K [0x00000000c0000000, 0x0000000100000000)
  region size 1024K, 0 young (0K), 0 survivors (0K)
 Metaspace       used 65552K, committed 66368K, reserved 1114112K
  class space    used 7843K, committed 8192K, reserved 1048576K
}
Event: 5115.431 GC heap before
{Heap before GC invocations=478 (full 363):
 garbage-first heap   total 83968K, used 42340K [0x00000000c0000000, 0x0000000100000000)
  region size 1024K, 1 young (1024K), 0 survivors (0K)
 Metaspace       used 65552K, committed 66368K, reserved 1114112K
  class space    used 7843K, committed 8192K, reserved 1048576K
}
Event: 5115.518 GC heap after
{Heap after GC invocations=479 (full 364):
 garbage-first heap   total 83968K, used 42340K [0x00000000c0000000, 0x0000000100000000)
  region size 1024K, 0 young (0K), 0 survivors (0K)
 Metaspace       used 65552K, committed 66368K, reserved 1114112K
  class space    used 7843K, committed 8192K, reserved 1048576K
}
Event: 5128.050 GC heap before
{Heap before GC invocations=479 (full 364):
 garbage-first heap   total 83968K, used 42340K [0x00000000c0000000, 0x0000000100000000)
  region size 1024K, 1 young (1024K), 0 survivors (0K)
 Metaspace       used 65552K, committed 66368K, reserved 1114112K
  class space    used 7843K, committed 8192K, reserved 1048576K
}
Event: 5128.164 GC heap after
{Heap after GC invocations=480 (full 365):
 garbage-first heap   total 83968K, used 42340K [0x00000000c0000000, 0x0000000100000000)
  region size 1024K, 0 young (0K), 0 survivors (0K)
 Metaspace       used 65552K, committed 66368K, reserved 1114112K
  class space    used 7843K, committed 8192K, reserved 1048576K
}
Event: 5193.362 GC heap before
{Heap before GC invocations=480 (full 365):
 garbage-first heap   total 83968K, used 74084K [0x00000000c0000000, 0x0000000100000000)
  region size 1024K, 32 young (32768K), 0 survivors (0K)
 Metaspace       used 65651K, committed 66368K, reserved 1114112K
  class space    used 7869K, committed 8192K, reserved 1048576K
}
Event: 5193.683 GC heap after
{Heap after GC invocations=481 (full 365):
 garbage-first heap   total 83968K, used 45412K [0x00000000c0000000, 0x0000000100000000)
  region size 1024K, 3 young (3072K), 3 survivors (3072K)
 Metaspace       used 65651K, committed 66368K, reserved 1114112K
  class space    used 7869K, committed 8192K, reserved 1048576K
}
Event: 5198.118 GC heap before
{Heap before GC invocations=482 (full 365):
 garbage-first heap   total 83968K, used 75108K [0x00000000c0000000, 0x0000000100000000)
  region size 1024K, 32 young (32768K), 3 survivors (3072K)
 Metaspace       used 65651K, committed 66368K, reserved 1114112K
  class space    used 7869K, committed 8192K, reserved 1048576K
}
Event: 5198.138 GC heap after
{Heap after GC invocations=483 (full 365):
 garbage-first heap   total 83968K, used 44972K [0x00000000c0000000, 0x0000000100000000)
  region size 1024K, 1 young (1024K), 1 survivors (1024K)
 Metaspace       used 65651K, committed 66368K, reserved 1114112K
  class space    used 7869K, committed 8192K, reserved 1048576K
}
Event: 5203.498 GC heap before
{Heap before GC invocations=483 (full 365):
 garbage-first heap   total 83968K, used 76716K [0x00000000c0000000, 0x0000000100000000)
  region size 1024K, 32 young (32768K), 1 survivors (1024K)
 Metaspace       used 65691K, committed 66432K, reserved 1114112K
  class space    used 7879K, committed 8256K, reserved 1048576K
}
Event: 5203.512 GC heap after
{Heap after GC invocations=484 (full 365):
 garbage-first heap   total 83968K, used 45448K [0x00000000c0000000, 0x0000000100000000)
  region size 1024K, 2 young (2048K), 2 survivors (2048K)
 Metaspace       used 65691K, committed 66432K, reserved 1114112K
  class space    used 7879K, committed 8256K, reserved 1048576K
}
Event: 5204.122 GC heap before
{Heap before GC invocations=484 (full 365):
 garbage-first heap   total 83968K, used 45448K [0x00000000c0000000, 0x0000000100000000)
  region size 1024K, 3 young (3072K), 2 survivors (2048K)
 Metaspace       used 65697K, committed 66432K, reserved 1114112K
  class space    used 7881K, committed 8256K, reserved 1048576K
}
Event: 5204.126 GC heap after
{Heap after GC invocations=485 (full 365):
 garbage-first heap   total 83968K, used 43571K [0x00000000c0000000, 0x0000000100000000)
  region size 1024K, 1 young (1024K), 1 survivors (1024K)
 Metaspace       used 65697K, committed 66432K, reserved 1114112K
  class space    used 7881K, committed 8256K, reserved 1048576K
}
Event: 5242.901 GC heap before
{Heap before GC invocations=486 (full 365):
 garbage-first heap   total 83968K, used 66099K [0x00000000c0000000, 0x0000000100000000)
  region size 1024K, 27 young (27648K), 1 survivors (1024K)
 Metaspace       used 65645K, committed 66432K, reserved 1114112K
  class space    used 7867K, committed 8256K, reserved 1048576K
}
Event: 5243.671 GC heap after
{Heap after GC invocations=487 (full 366):
 garbage-first heap   total 83968K, used 43205K [0x00000000c0000000, 0x0000000100000000)
  region size 1024K, 0 young (0K), 0 survivors (0K)
 Metaspace       used 65645K, committed 66432K, reserved 1114112K
  class space    used 7867K, committed 8256K, reserved 1048576K
}
Event: 5255.007 GC heap before
{Heap before GC invocations=487 (full 366):
 garbage-first heap   total 83968K, used 43205K [0x00000000c0000000, 0x0000000100000000)
  region size 1024K, 1 young (1024K), 0 survivors (0K)
 Metaspace       used 65645K, committed 66432K, reserved 1114112K
  class space    used 7867K, committed 8256K, reserved 1048576K
}

