# JRE version: OpenJDK Runtime Environment Temurin-21.0.4+7 (21.0.4+7) (build 21.0.4+7-LTS)
# Java VM: OpenJDK 64-Bit Server VM Temurin-21.0.4+7 (21.0.4+7-LTS, mixed mode, emulated-client, tiered, compressed oops, compressed class ptrs, g1 gc, windows-amd64)
GC Precious Log:
 CardTable entry size: 512
 Card Set container configuration: InlinePtr #cards 5 size 8 Array Of Cards #cards 12 size 40 Howl #buckets 4 coarsen threshold 1843 Howl Bitmap #cards 512 size 80 coarsen threshold 460 Card regions per heap region 1 cards per card region 2048
 CPUs: 4 total, 4 available
 Memory: 3992M
 Large Page Support: Disabled
 NUMA Support: Disabled
 Compressed Oops: Enabled (32-bit)
 Heap Region Size: 1M
 Heap Min Capacity: 8M
 Heap Initial Capacity: 64M
 Heap Max Capacity: 1G
 Pre-touch: Disabled
 Parallel Workers: 4
 Concurrent Workers: 1
 Concurrent Refinement Workers: 4
 Periodic GC: Disabled
Heap:
 garbage-first heap   total 188416K, used 58606K [0x00000000c0000000, 0x0000000100000000)
  region size 1024K, 1 young (1024K), 0 survivors (0K)
 Metaspace       used 68807K, committed 69952K, reserved 1114112K
  class space    used 8635K, committed 9088K, reserved 1048576K
GC Heap History (20 events):
Event: 773.692 GC heap after
{Heap after GC invocations=85 (full 56):
 garbage-first heap   total 188416K, used 58606K [0x00000000c0000000, 0x0000000100000000)
  region size 1024K, 0 young (0K), 0 survivors (0K)
 Metaspace       used 68807K, committed 69952K, reserved 1114112K
  class space    used 8635K, committed 9088K, reserved 1048576K
}
Event: 785.623 GC heap before
{Heap before GC invocations=85 (full 56):
 garbage-first heap   total 188416K, used 58606K [0x00000000c0000000, 0x0000000100000000)
  region size 1024K, 1 young (1024K), 0 survivors (0K)
 Metaspace       used 68807K, committed 69952K, reserved 1114112K
  class space    used 8635K, committed 9088K, reserved 1048576K
}
Event: 785.688 GC heap after
{Heap after GC invocations=86 (full 57):
 garbage-first heap   total 188416K, used 58606K [0x00000000c0000000, 0x0000000100000000)
  region size 1024K, 0 young (0K), 0 survivors (0K)
 Metaspace       used 68807K, committed 69952K, reserved 1114112K
  class space    used 8635K, committed 9088K, reserved 1048576K
}
Event: 795.968 GC heap before
{Heap before GC invocations=86 (full 57):
 garbage-first heap   total 188416K, used 58606K [0x00000000c0000000, 0x0000000100000000)
  region size 1024K, 1 young (1024K), 0 survivors (0K)
 Metaspace       used 68807K, committed 69952K, reserved 1114112K
  class space    used 8635K, committed 9088K, reserved 1048576K
}
Event: 796.033 GC heap after
{Heap after GC invocations=87 (full 58):
 garbage-first heap   total 188416K, used 58606K [0x00000000c0000000, 0x0000000100000000)
  region size 1024K, 0 young (0K), 0 survivors (0K)
 Metaspace       used 68807K, committed 69952K, reserved 1114112K
  class space    used 8635K, committed 9088K, reserved 1048576K
}
Event: 806.404 GC heap before
{Heap before GC invocations=87 (full 58):
 garbage-first heap   total 188416K, used 58606K [0x00000000c0000000, 0x0000000100000000)
  region size 1024K, 1 young (1024K), 0 survivors (0K)
 Metaspace       used 68807K, committed 69952K, reserved 1114112K
  class space    used 8635K, committed 9088K, reserved 1048576K
}
Event: 806.466 GC heap after
{Heap after GC invocations=88 (full 59):
 garbage-first heap   total 188416K, used 58606K [0x00000000c0000000, 0x0000000100000000)
  region size 1024K, 0 young (0K), 0 survivors (0K)
 Metaspace       used 68807K, committed 69952K, reserved 1114112K
  class space    used 8635K, committed 9088K, reserved 1048576K
}
Event: 816.683 GC heap before
{Heap before GC invocations=88 (full 59):
 garbage-first heap   total 188416K, used 58606K [0x00000000c0000000, 0x0000000100000000)
  region size 1024K, 1 young (1024K), 0 survivors (0K)
 Metaspace       used 68807K, committed 69952K, reserved 1114112K
  class space    used 8635K, committed 9088K, reserved 1048576K
}
Event: 816.746 GC heap after
{Heap after GC invocations=89 (full 60):
 garbage-first heap   total 188416K, used 58606K [0x00000000c0000000, 0x0000000100000000)
  region size 1024K, 0 young (0K), 0 survivors (0K)
 Metaspace       used 68807K, committed 69952K, reserved 1114112K
  class space    used 8635K, committed 9088K, reserved 1048576K
}
Event: 827.117 GC heap before
{Heap before GC invocations=89 (full 60):
 garbage-first heap   total 188416K, used 58606K [0x00000000c0000000, 0x0000000100000000)
  region size 1024K, 1 young (1024K), 0 survivors (0K)
 Metaspace       used 68807K, committed 69952K, reserved 1114112K
  class space    used 8635K, committed 9088K, reserved 1048576K
}
Event: 827.179 GC heap after
{Heap after GC invocations=90 (full 61):
 garbage-first heap   total 188416K, used 58606K [0x00000000c0000000, 0x0000000100000000)
  region size 1024K, 0 young (0K), 0 survivors (0K)
 Metaspace       used 68807K, committed 69952K, reserved 1114112K
  class space    used 8635K, committed 9088K, reserved 1048576K
}
Event: 837.415 GC heap before
{Heap before GC invocations=90 (full 61):
 garbage-first heap   total 188416K, used 58606K [0x00000000c0000000, 0x0000000100000000)
  region size 1024K, 1 young (1024K), 0 survivors (0K)
 Metaspace       used 68807K, committed 69952K, reserved 1114112K
  class space    used 8635K, committed 9088K, reserved 1048576K
}
Event: 837.481 GC heap after
{Heap after GC invocations=91 (full 62):
 garbage-first heap   total 188416K, used 58606K [0x00000000c0000000, 0x0000000100000000)
  region size 1024K, 0 young (0K), 0 survivors (0K)
 Metaspace       used 68807K, committed 69952K, reserved 1114112K
  class space    used 8635K, committed 9088K, reserved 1048576K
}
Event: 847.919 GC heap before
{Heap before GC invocations=91 (full 62):
 garbage-first heap   total 188416K, used 58606K [0x00000000c0000000, 0x0000000100000000)
  region size 1024K, 1 young (1024K), 0 survivors (0K)
 Metaspace       used 68807K, committed 69952K, reserved 1114112K
  class space    used 8635K, committed 9088K, reserved 1048576K
}
Event: 848.015 GC heap after
{Heap after GC invocations=92 (full 63):
 garbage-first heap   total 188416K, used 58606K [0x00000000c0000000, 0x0000000100000000)
  region size 1024K, 0 young (0K), 0 survivors (0K)
 Metaspace       used 68807K, committed 69952K, reserved 1114112K
  class space    used 8635K, committed 9088K, reserved 1048576K
}
Event: 858.407 GC heap before
{Heap before GC invocations=92 (full 63):
 garbage-first heap   total 188416K, used 58606K [0x00000000c0000000, 0x0000000100000000)
  region size 1024K, 1 young (1024K), 0 survivors (0K)
 Metaspace       used 68807K, committed 69952K, reserved 1114112K
  class space    used 8635K, committed 9088K, reserved 1048576K
}
Event: 858.474 GC heap after
{Heap after GC invocations=93 (full 64):
 garbage-first heap   total 188416K, used 58606K [0x00000000c0000000, 0x0000000100000000)
  region size 1024K, 0 young (0K), 0 survivors (0K)
 Metaspace       used 68807K, committed 69952K, reserved 1114112K
  class space    used 8635K, committed 9088K, reserved 1048576K
}
Event: 869.164 GC heap before
{Heap before GC invocations=93 (full 64):
 garbage-first heap   total 188416K, used 58606K [0x00000000c0000000, 0x0000000100000000)
  region size 1024K, 1 young (1024K), 0 survivors (0K)
 Metaspace       used 68807K, committed 69952K, reserved 1114112K
  class space    used 8635K, committed 9088K, reserved 1048576K
}
Event: 869.227 GC heap after
{Heap after GC invocations=94 (full 65):
 garbage-first heap   total 188416K, used 58606K [0x00000000c0000000, 0x0000000100000000)
  region size 1024K, 0 young (0K), 0 survivors (0K)
 Metaspace       used 68807K, committed 69952K, reserved 1114112K
  class space    used 8635K, committed 9088K, reserved 1048576K
}
Event: 879.457 GC heap before
{Heap before GC invocations=94 (full 65):
 garbage-first heap   total 188416K, used 58606K [0x00000000c0000000, 0x0000000100000000)
  region size 1024K, 1 young (1024K), 0 survivors (0K)
 Metaspace       used 68807K, committed 69952K, reserved 1114112K
  class space    used 8635K, committed 9088K, reserved 1048576K
}

